<?xml version="1.0" encoding="UTF-8"?>
<testsuite xmlns:xsi="http://www.w3.org/2001/XMLSchema-instance" xsi:schemaLocation="https://maven.apache.org/surefire/maven-surefire-plugin/xsd/surefire-test-report.xsd" name="TestSuite" time="64.485" tests="5" errors="0" skipped="0" failures="2">
  <properties>
[...]
</properties>
  <testcase name="testJSScript" classname="com.fullstack.batch3.AppTest" time="5.018"/>
  <testcase name="verifyTitle" classname="com.fullstack.batch3.AppTest" time="10.154">
    <failure message="expected [Home] but found [Home -]" type="java.lang.AssertionError">java.lang.AssertionError: expected [Home] but found [Home -]
	at com.fullstack.batch3.AppTest.verifyTitle(AppTest.java:35)
</failure>
  </testcase>
  <testcase name="testSwitches" classname="com.fullstack.batch3.AppTest" time="10.509"/>
  <testcase name="testNavigation" classname="com.fullstack.batch3.AppTest" time="38.495"/>
  <testcase name="loginWithCorrectCredentials" classname="com.fullstack.batch3.AppTest" time="20.225">
    <failure message="unknown error: net::ERR_NAME_NOT_RESOLVED&#10;  (Session info: headless chrome=85.0.4183.83)&#10;Build info: version: &apos;4.0.0-alpha-6&apos;, revision: &apos;5f43a29cfc&apos;&#10;System info: host: &apos;Rudreshrawr&apos;, ip: &apos;127.0.1.1&apos;, os.name: &apos;Linux&apos;, os.arch: &apos;amd64&apos;, os.version: &apos;5.4.0-47-generic&apos;, java.version: &apos;1.8.0_265&apos;&#10;Driver info: org.openqa.selenium.chrome.ChromeDriver&#10;Capabilities {acceptInsecureCerts: false, browserName: chrome, browserVersion: 85.0.4183.83, chrome: {chromedriverVersion: 85.0.4183.87 (cd6713ebf92fa..., userDataDir: /tmp/.com.google.Chrome.uNQtmu}, goog:chromeOptions: {debuggerAddress: localhost:41227}, javascriptEnabled: true, networkConnectionEnabled: false, pageLoadStrategy: normal, platform: LINUX, platformName: LINUX, proxy: Proxy(), setWindowRect: true, strictFileInteractability: false, timeouts: {implicit: 0, pageLoad: 300000, script: 30000}, unhandledPromptBehavior: dismiss and notify, webauthn:virtualAuthenticators: true}&#10;Session ID: 4e9b77b9f7a68980602e2870662416de" type="org.openqa.selenium.WebDriverException">org.openqa.selenium.WebDriverException: 
unknown error: net::ERR_NAME_NOT_RESOLVED
  (Session info: headless chrome=85.0.4183.83)
Build info: version: '4.0.0-alpha-6', revision: '5f43a29cfc'
System info: host: 'Rudreshrawr', ip: '127.0.1.1', os.name: 'Linux', os.arch: 'amd64', os.version: '5.4.0-47-generic', java.version: '1.8.0_265'
Driver info: org.openqa.selenium.chrome.ChromeDriver
Capabilities {acceptInsecureCerts: false, browserName: chrome, browserVersion: 85.0.4183.83, chrome: {chromedriverVersion: 85.0.4183.87 (cd6713ebf92fa..., userDataDir: /tmp/.com.google.Chrome.uNQtmu}, goog:chromeOptions: {debuggerAddress: localhost:41227}, javascriptEnabled: true, networkConnectionEnabled: false, pageLoadStrategy: normal, platform: LINUX, platformName: LINUX, proxy: Proxy(), setWindowRect: true, strictFileInteractability: false, timeouts: {implicit: 0, pageLoad: 300000, script: 30000}, unhandledPromptBehavior: dismiss and notify, webauthn:virtualAuthenticators: true}
Session ID: 4e9b77b9f7a68980602e2870662416de
	at com.fullstack.batch3.AppTest.loginWithCorrectCredentials(AppTest.java:20)
</failure>
    <system-err><![CDATA[Starting ChromeDriver 85.0.4183.87 (cd6713ebf92fa1cacc0f1a598df280093af0c5d7-refs/branch-heads/4183@{#1689}) on port 13423
Only local connections are allowed.
Please see https://chromedriver.chromium.org/security-considerations for suggestions on keeping ChromeDriver safe.
ChromeDriver was started successfully.
Sep 20, 2020 8:59:00 AM org.openqa.selenium.remote.ProtocolHandshake createSession
INFO: Detected dialect: W3C
]]></system-err>
  </testcase>
</testsuite>